This is pdfTeX, Version 3.141592653-2.6-1.40.24 (TeX Live 2022) (preloaded format=pdflatex 2022.4.28)  12 SEP 2023 09:15
entering extended mode
 restricted \write18 enabled.
 %&-line parsing enabled.
**SI_methods_analyses.tex
(./SI_methods_analyses.tex
LaTeX2e <2021-11-15> patch level 1
L3 programming layer <2022-04-20> (/Users/losialagisz/Library/TinyTeX/texmf-dist/tex/latex/base/article.cls
Document Class: article 2021/10/04 v1.4n Standard LaTeX document class
(/Users/losialagisz/Library/TinyTeX/texmf-dist/tex/latex/base/size10.clo
File: size10.clo 2021/10/04 v1.4n Standard LaTeX file (size option)
)
\c@part=\count185
\c@section=\count186
\c@subsection=\count187
\c@subsubsection=\count188
\c@paragraph=\count189
\c@subparagraph=\count190
\c@figure=\count191
\c@table=\count192
\abovecaptionskip=\skip47
\belowcaptionskip=\skip48
\bibindent=\dimen138
) (/Users/losialagisz/Library/TinyTeX/texmf-dist/tex/latex/amsmath/amsmath.sty
Package: amsmath 2021/10/15 v2.17l AMS math features
\@mathmargin=\skip49
For additional information on amsmath, use the `?' option.
(/Users/losialagisz/Library/TinyTeX/texmf-dist/tex/latex/amsmath/amstext.sty
Package: amstext 2021/08/26 v2.01 AMS text
(/Users/losialagisz/Library/TinyTeX/texmf-dist/tex/latex/amsmath/amsgen.sty
File: amsgen.sty 1999/11/30 v2.0 generic functions
\@emptytoks=\toks16
\ex@=\dimen139
)) (/Users/losialagisz/Library/TinyTeX/texmf-dist/tex/latex/amsmath/amsbsy.sty
Package: amsbsy 1999/11/29 v1.2d Bold Symbols
\pmbraise@=\dimen140
) (/Users/losialagisz/Library/TinyTeX/texmf-dist/tex/latex/amsmath/amsopn.sty
Package: amsopn 2021/08/26 v2.02 operator names
)
\inf@bad=\count193
LaTeX Info: Redefining \frac on input line 234.
\uproot@=\count194
\leftroot@=\count195
LaTeX Info: Redefining \overline on input line 399.
\classnum@=\count196
\DOTSCASE@=\count197
LaTeX Info: Redefining \ldots on input line 496.
LaTeX Info: Redefining \dots on input line 499.
LaTeX Info: Redefining \cdots on input line 620.
\Mathstrutbox@=\box50
\strutbox@=\box51
\big@size=\dimen141
LaTeX Font Info:    Redeclaring font encoding OML on input line 743.
LaTeX Font Info:    Redeclaring font encoding OMS on input line 744.
\macc@depth=\count198
\c@MaxMatrixCols=\count199
\dotsspace@=\muskip16
\c@parentequation=\count266
\dspbrk@lvl=\count267
\tag@help=\toks17
\row@=\count268
\column@=\count269
\maxfields@=\count270
\andhelp@=\toks18
\eqnshift@=\dimen142
\alignsep@=\dimen143
\tagshift@=\dimen144
\tagwidth@=\dimen145
\totwidth@=\dimen146
\lineht@=\dimen147
\@envbody=\toks19
\multlinegap=\skip50
\multlinetaggap=\skip51
\mathdisplay@stack=\toks20
LaTeX Info: Redefining \[ on input line 2938.
LaTeX Info: Redefining \] on input line 2939.
) (/Users/losialagisz/Library/TinyTeX/texmf-dist/tex/latex/amsfonts/amssymb.sty
Package: amssymb 2013/01/14 v3.01 AMS font symbols
(/Users/losialagisz/Library/TinyTeX/texmf-dist/tex/latex/amsfonts/amsfonts.sty
Package: amsfonts 2013/01/14 v3.01 Basic AMSFonts support
\symAMSa=\mathgroup4
\symAMSb=\mathgroup5
LaTeX Font Info:    Redeclaring math symbol \hbar on input line 98.
LaTeX Font Info:    Overwriting math alphabet `\mathfrak' in version `bold'
(Font)                  U/euf/m/n --> U/euf/b/n on input line 106.
)) (/Users/losialagisz/Library/TinyTeX/texmf-dist/tex/latex/lm/lmodern.sty
Package: lmodern 2015/05/01 v1.6.1 Latin Modern Fonts
LaTeX Font Info:    Overwriting symbol font `operators' in version `normal'
(Font)                  OT1/cmr/m/n --> OT1/lmr/m/n on input line 22.
LaTeX Font Info:    Overwriting symbol font `letters' in version `normal'
(Font)                  OML/cmm/m/it --> OML/lmm/m/it on input line 23.
LaTeX Font Info:    Overwriting symbol font `symbols' in version `normal'
(Font)                  OMS/cmsy/m/n --> OMS/lmsy/m/n on input line 24.
LaTeX Font Info:    Overwriting symbol font `largesymbols' in version `normal'
(Font)                  OMX/cmex/m/n --> OMX/lmex/m/n on input line 25.
LaTeX Font Info:    Overwriting symbol font `operators' in version `bold'
(Font)                  OT1/cmr/bx/n --> OT1/lmr/bx/n on input line 26.
LaTeX Font Info:    Overwriting symbol font `letters' in version `bold'
(Font)                  OML/cmm/b/it --> OML/lmm/b/it on input line 27.
LaTeX Font Info:    Overwriting symbol font `symbols' in version `bold'
(Font)                  OMS/cmsy/b/n --> OMS/lmsy/b/n on input line 28.
LaTeX Font Info:    Overwriting symbol font `largesymbols' in version `bold'
(Font)                  OMX/cmex/m/n --> OMX/lmex/m/n on input line 29.
LaTeX Font Info:    Overwriting math alphabet `\mathbf' in version `normal'
(Font)                  OT1/cmr/bx/n --> OT1/lmr/bx/n on input line 31.
LaTeX Font Info:    Overwriting math alphabet `\mathsf' in version `normal'
(Font)                  OT1/cmss/m/n --> OT1/lmss/m/n on input line 32.
LaTeX Font Info:    Overwriting math alphabet `\mathit' in version `normal'
(Font)                  OT1/cmr/m/it --> OT1/lmr/m/it on input line 33.
LaTeX Font Info:    Overwriting math alphabet `\mathtt' in version `normal'
(Font)                  OT1/cmtt/m/n --> OT1/lmtt/m/n on input line 34.
LaTeX Font Info:    Overwriting math alphabet `\mathbf' in version `bold'
(Font)                  OT1/cmr/bx/n --> OT1/lmr/bx/n on input line 35.
LaTeX Font Info:    Overwriting math alphabet `\mathsf' in version `bold'
(Font)                  OT1/cmss/bx/n --> OT1/lmss/bx/n on input line 36.
LaTeX Font Info:    Overwriting math alphabet `\mathit' in version `bold'
(Font)                  OT1/cmr/bx/it --> OT1/lmr/bx/it on input line 37.
LaTeX Font Info:    Overwriting math alphabet `\mathtt' in version `bold'
(Font)                  OT1/cmtt/m/n --> OT1/lmtt/m/n on input line 38.
) (/Users/losialagisz/Library/TinyTeX/texmf-dist/tex/generic/iftex/iftex.sty
Package: iftex 2022/02/03 v1.0f TeX engine tests
) (/Users/losialagisz/Library/TinyTeX/texmf-dist/tex/latex/base/fontenc.sty
Package: fontenc 2021/04/29 v2.0v Standard LaTeX package
LaTeX Font Info:    Trying to load font information for T1+lmr on input line 112.
(/Users/losialagisz/Library/TinyTeX/texmf-dist/tex/latex/lm/t1lmr.fd
File: t1lmr.fd 2015/05/01 v1.6.1 Font defs for Latin Modern
)) (/Users/losialagisz/Library/TinyTeX/texmf-dist/tex/latex/base/inputenc.sty
Package: inputenc 2021/02/14 v1.3d Input encoding file
\inpenc@prehook=\toks21
\inpenc@posthook=\toks22
) (/Users/losialagisz/Library/TinyTeX/texmf-dist/tex/latex/base/textcomp.sty
Package: textcomp 2020/02/02 v2.0n Standard LaTeX package
) (/Users/losialagisz/Library/TinyTeX/texmf-dist/tex/latex/xcolor/xcolor.sty
Package: xcolor 2021/10/31 v2.13 LaTeX color extensions (UK)
(/Users/losialagisz/Library/TinyTeX/texmf-dist/tex/latex/graphics-cfg/color.cfg
File: color.cfg 2016/01/02 v1.6 sample color configuration
)
Package xcolor Info: Driver file: pdftex.def on input line 227.
(/Users/losialagisz/Library/TinyTeX/texmf-dist/tex/latex/graphics-def/pdftex.def
File: pdftex.def 2020/10/05 v1.2a Graphics/color driver for pdftex
)
Package xcolor Info: Model `cmy' substituted by `cmy0' on input line 1352.
Package xcolor Info: Model `hsb' substituted by `rgb' on input line 1356.
Package xcolor Info: Model `RGB' extended on input line 1368.
Package xcolor Info: Model `HTML' substituted by `rgb' on input line 1370.
Package xcolor Info: Model `Hsb' substituted by `hsb' on input line 1371.
Package xcolor Info: Model `tHsb' substituted by `hsb' on input line 1372.
Package xcolor Info: Model `HSB' substituted by `hsb' on input line 1373.
Package xcolor Info: Model `Gray' substituted by `gray' on input line 1374.
Package xcolor Info: Model `wave' substituted by `hsb' on input line 1375.
) (/Users/losialagisz/Library/TinyTeX/texmf-dist/tex/latex/geometry/geometry.sty
Package: geometry 2020/01/02 v5.9 Page Geometry
(/Users/losialagisz/Library/TinyTeX/texmf-dist/tex/latex/graphics/keyval.sty
Package: keyval 2014/10/28 v1.15 key=value parser (DPC)
\KV@toks@=\toks23
) (/Users/losialagisz/Library/TinyTeX/texmf-dist/tex/generic/iftex/ifvtex.sty
Package: ifvtex 2019/10/25 v1.7 ifvtex legacy package. Use iftex instead.
)
\Gm@cnth=\count271
\Gm@cntv=\count272
\c@Gm@tempcnt=\count273
\Gm@bindingoffset=\dimen148
\Gm@wd@mp=\dimen149
\Gm@odd@mp=\dimen150
\Gm@even@mp=\dimen151
\Gm@layoutwidth=\dimen152
\Gm@layoutheight=\dimen153
\Gm@layouthoffset=\dimen154
\Gm@layoutvoffset=\dimen155
\Gm@dimlist=\toks24
) (/Users/losialagisz/Library/TinyTeX/texmf-dist/tex/latex/fancyvrb/fancyvrb.sty
Package: fancyvrb 2022/04/12 4.2 verbatim text (tvz,hv)
\FV@CodeLineNo=\count274
\FV@InFile=\read2
\FV@TabBox=\box52
\c@FancyVerbLine=\count275
\FV@StepNumber=\count276
\FV@OutFile=\write3
) (/Users/losialagisz/Library/TinyTeX/texmf-dist/tex/latex/framed/framed.sty
Package: framed 2011/10/22 v 0.96: framed or shaded text with page breaks
\OuterFrameSep=\skip52
\fb@frw=\dimen156
\fb@frh=\dimen157
\FrameRule=\dimen158
\FrameSep=\dimen159
) (/Users/losialagisz/Library/TinyTeX/texmf-dist/tex/latex/graphics/graphicx.sty
Package: graphicx 2021/09/16 v1.2d Enhanced LaTeX Graphics (DPC,SPQR)
(/Users/losialagisz/Library/TinyTeX/texmf-dist/tex/latex/graphics/graphics.sty
Package: graphics 2021/03/04 v1.4d Standard LaTeX Graphics (DPC,SPQR)
(/Users/losialagisz/Library/TinyTeX/texmf-dist/tex/latex/graphics/trig.sty
Package: trig 2021/08/11 v1.11 sin cos tan (DPC)
) (/Users/losialagisz/Library/TinyTeX/texmf-dist/tex/latex/graphics-cfg/graphics.cfg
File: graphics.cfg 2016/06/04 v1.11 sample graphics configuration
)
Package graphics Info: Driver file: pdftex.def on input line 107.
)
\Gin@req@height=\dimen160
\Gin@req@width=\dimen161
) (/Users/losialagisz/Library/TinyTeX/texmf-dist/tex/latex/booktabs/booktabs.sty
Package: booktabs 2020/01/12 v1.61803398 Publication quality tables
\heavyrulewidth=\dimen162
\lightrulewidth=\dimen163
\cmidrulewidth=\dimen164
\belowrulesep=\dimen165
\belowbottomsep=\dimen166
\aboverulesep=\dimen167
\abovetopsep=\dimen168
\cmidrulesep=\dimen169
\cmidrulekern=\dimen170
\defaultaddspace=\dimen171
\@cmidla=\count277
\@cmidlb=\count278
\@aboverulesep=\dimen172
\@belowrulesep=\dimen173
\@thisruleclass=\count279
\@lastruleclass=\count280
\@thisrulewidth=\dimen174
) (/Users/losialagisz/Library/TinyTeX/texmf-dist/tex/latex/tools/longtable.sty
Package: longtable 2021-09-01 v4.17 Multi-page Table package (DPC)
\LTleft=\skip53
\LTright=\skip54
\LTpre=\skip55
\LTpost=\skip56
\LTchunksize=\count281
\LTcapwidth=\dimen175
\LT@head=\box53
\LT@firsthead=\box54
\LT@foot=\box55
\LT@lastfoot=\box56
\LT@gbox=\box57
\LT@cols=\count282
\LT@rows=\count283
\c@LT@tables=\count284
\c@LT@chunks=\count285
\LT@p@ftn=\toks25
) (/Users/losialagisz/Library/TinyTeX/texmf-dist/tex/latex/tools/array.sty
Package: array 2021/10/04 v2.5f Tabular extension package (FMi)
\col@sep=\dimen176
\ar@mcellbox=\box58
\extrarowheight=\dimen177
\NC@list=\toks26
\extratabsurround=\skip57
\backup@length=\skip58
\ar@cellbox=\box59
) (/Users/losialagisz/Library/TinyTeX/texmf-dist/tex/latex/multirow/multirow.sty
Package: multirow 2021/03/15 v2.8 Span multiple rows of a table
\multirow@colwidth=\skip59
\multirow@cntb=\count286
\multirow@dima=\skip60
\bigstrutjot=\dimen178
) (/Users/losialagisz/Library/TinyTeX/texmf-dist/tex/latex/wrapfig/wrapfig.sty
\wrapoverhang=\dimen179
\WF@size=\dimen180
\c@WF@wrappedlines=\count287
\WF@box=\box60
\WF@everypar=\toks27
Package: wrapfig 2003/01/31  v 3.6
) (/Users/losialagisz/Library/TinyTeX/texmf-dist/tex/latex/float/float.sty
Package: float 2001/11/08 v1.3d Float enhancements (AL)
\c@float@type=\count288
\float@exts=\toks28
\float@box=\box61
\@float@everytoks=\toks29
\@floatcapt=\box62
) (/Users/losialagisz/Library/TinyTeX/texmf-dist/tex/latex/colortbl/colortbl.sty
Package: colortbl 2020/01/04 v1.0e Color table columns (DPC)
\everycr=\toks30
\minrowclearance=\skip61
) (/Users/losialagisz/Library/TinyTeX/texmf-dist/tex/latex/pdflscape/pdflscape.sty
Package: pdflscape 2019/12/05 v0.12 Display of landscape pages in PDF (HO)
(/Users/losialagisz/Library/TinyTeX/texmf-dist/tex/latex/graphics/lscape.sty
Package: lscape 2020/05/28 v3.02 Landscape Pages (DPC)
)
Package pdflscape Info: Auto-detected driver: pdftex on input line 81.
) (/Users/losialagisz/Library/TinyTeX/texmf-dist/tex/latex/tabu/tabu.sty
Package: tabu 2019/01/11 v2.9 - flexible LaTeX tabulars (FC+tabu-fixed)
(/Users/losialagisz/Library/TinyTeX/texmf-dist/tex/latex/varwidth/varwidth.sty
Package: varwidth 2009/03/30 ver 0.92;  Variable-width minipages
\@vwid@box=\box63
\sift@deathcycles=\count289
\@vwid@loff=\dimen181
\@vwid@roff=\dimen182
)
\c@taburow=\count290
\tabu@nbcols=\count291
\tabu@cnt=\count292
\tabu@Xcol=\count293
\tabu@alloc=\count294
\tabu@nested=\count295
\tabu@target=\dimen183
\tabu@spreadtarget=\dimen184
\tabu@naturalX=\dimen185
\tabucolX=\dimen186
\tabu@Xsum=\dimen187
\extrarowdepth=\dimen188
\abovetabulinesep=\dimen189
\belowtabulinesep=\dimen190
\tabustrutrule=\dimen191
\tabu@thebody=\toks31
\tabu@footnotes=\toks32
\tabu@box=\box64
\tabu@arstrutbox=\box65
\tabu@hleads=\box66
\tabu@vleads=\box67
\tabu@cellskip=\skip62
) (/Users/losialagisz/Library/TinyTeX/texmf-dist/tex/latex/threeparttable/threeparttable.sty
Package: threeparttable 2003/06/13  v 3.0
\@tempboxb=\box68
) (/Users/losialagisz/Library/TinyTeX/texmf-dist/tex/latex/threeparttablex/threeparttablex.sty
Package: threeparttablex 2013/07/23 v0.3 by daleif
(/Users/losialagisz/Library/TinyTeX/texmf-dist/tex/latex/environ/environ.sty
Package: environ 2014/05/04 v0.3 A new way to define environments
(/Users/losialagisz/Library/TinyTeX/texmf-dist/tex/latex/trimspaces/trimspaces.sty
Package: trimspaces 2009/09/17 v1.1 Trim spaces around a token list
))
\TPTL@width=\skip63
) (/Users/losialagisz/Library/TinyTeX/texmf-dist/tex/generic/ulem/ulem.sty
\UL@box=\box69
\UL@hyphenbox=\box70
\UL@skip=\skip64
\UL@hook=\toks33
\UL@height=\dimen192
\UL@pe=\count296
\UL@pixel=\dimen193
\ULC@box=\box71
Package: ulem 2019/11/18
\ULdepth=\dimen194
) (/Users/losialagisz/Library/TinyTeX/texmf-dist/tex/latex/makecell/makecell.sty
Package: makecell 2009/08/03 V0.1e Managing of Tab Column Heads and Cells
\rotheadsize=\dimen195
\c@nlinenum=\count297
\TeXr@lab=\toks34
) (/Users/losialagisz/Library/TinyTeX/texmf-dist/tex/latex/hyperref/hyperref.sty
Package: hyperref 2022-02-21 v7.00n Hypertext links for LaTeX
(/Users/losialagisz/Library/TinyTeX/texmf-dist/tex/generic/ltxcmds/ltxcmds.sty
Package: ltxcmds 2020-05-10 v1.25 LaTeX kernel commands for general use (HO)
) (/Users/losialagisz/Library/TinyTeX/texmf-dist/tex/generic/pdftexcmds/pdftexcmds.sty
Package: pdftexcmds 2020-06-27 v0.33 Utility functions of pdfTeX for LuaTeX (HO)
(/Users/losialagisz/Library/TinyTeX/texmf-dist/tex/generic/infwarerr/infwarerr.sty
Package: infwarerr 2019/12/03 v1.5 Providing info/warning/error messages (HO)
)
Package pdftexcmds Info: \pdf@primitive is available.
Package pdftexcmds Info: \pdf@ifprimitive is available.
Package pdftexcmds Info: \pdfdraftmode found.
) (/Users/losialagisz/Library/TinyTeX/texmf-dist/tex/generic/kvsetkeys/kvsetkeys.sty
Package: kvsetkeys 2019/12/15 v1.18 Key value parser (HO)
) (/Users/losialagisz/Library/TinyTeX/texmf-dist/tex/generic/kvdefinekeys/kvdefinekeys.sty
Package: kvdefinekeys 2019-12-19 v1.6 Define keys (HO)
) (/Users/losialagisz/Library/TinyTeX/texmf-dist/tex/generic/pdfescape/pdfescape.sty
Package: pdfescape 2019/12/09 v1.15 Implements pdfTeX's escape features (HO)
) (/Users/losialagisz/Library/TinyTeX/texmf-dist/tex/latex/hycolor/hycolor.sty
Package: hycolor 2020-01-27 v1.10 Color options for hyperref/bookmark (HO)
) (/Users/losialagisz/Library/TinyTeX/texmf-dist/tex/latex/letltxmacro/letltxmacro.sty
Package: letltxmacro 2019/12/03 v1.6 Let assignment for LaTeX macros (HO)
) (/Users/losialagisz/Library/TinyTeX/texmf-dist/tex/latex/auxhook/auxhook.sty
Package: auxhook 2019-12-17 v1.6 Hooks for auxiliary files (HO)
) (/Users/losialagisz/Library/TinyTeX/texmf-dist/tex/latex/kvoptions/kvoptions.sty
Package: kvoptions 2020-10-07 v3.14 Key value format for package options (HO)
)
\@linkdim=\dimen196
\Hy@linkcounter=\count298
\Hy@pagecounter=\count299
(/Users/losialagisz/Library/TinyTeX/texmf-dist/tex/latex/hyperref/pd1enc.def
File: pd1enc.def 2022-02-21 v7.00n Hyperref: PDFDocEncoding definition (HO)
Now handling font encoding PD1 ...
... no UTF-8 mapping file for font encoding PD1
) (/Users/losialagisz/Library/TinyTeX/texmf-dist/tex/generic/intcalc/intcalc.sty
Package: intcalc 2019/12/15 v1.3 Expandable calculations with integers (HO)
) (/Users/losialagisz/Library/TinyTeX/texmf-dist/tex/generic/etexcmds/etexcmds.sty
Package: etexcmds 2019/12/15 v1.7 Avoid name clashes with e-TeX commands (HO)
)
\Hy@SavedSpaceFactor=\count300
(/Users/losialagisz/Library/TinyTeX/texmf-dist/tex/latex/hyperref/puenc.def
File: puenc.def 2022-02-21 v7.00n Hyperref: PDF Unicode definition (HO)
Now handling font encoding PU ...
... no UTF-8 mapping file for font encoding PU
)
Package hyperref Info: Option `unicode' set `true' on input line 4018.
Package hyperref Info: Hyper figures OFF on input line 4137.
Package hyperref Info: Link nesting OFF on input line 4142.
Package hyperref Info: Hyper index ON on input line 4145.
Package hyperref Info: Plain pages OFF on input line 4152.
Package hyperref Info: Backreferencing OFF on input line 4157.
Package hyperref Info: Implicit mode ON; LaTeX internals redefined.
Package hyperref Info: Bookmarks ON on input line 4390.
\c@Hy@tempcnt=\count301
(/Users/losialagisz/Library/TinyTeX/texmf-dist/tex/latex/url/url.sty
\Urlmuskip=\muskip17
Package: url 2013/09/16  ver 3.4  Verb mode for urls, etc.
)
LaTeX Info: Redefining \url on input line 4749.
\XeTeXLinkMargin=\dimen197
(/Users/losialagisz/Library/TinyTeX/texmf-dist/tex/generic/bitset/bitset.sty
Package: bitset 2019/12/09 v1.3 Handle bit-vector datatype (HO)
(/Users/losialagisz/Library/TinyTeX/texmf-dist/tex/generic/bigintcalc/bigintcalc.sty
Package: bigintcalc 2019/12/15 v1.5 Expandable calculations on big integers (HO)
))
\Fld@menulength=\count302
\Field@Width=\dimen198
\Fld@charsize=\dimen199
Package hyperref Info: Hyper figures OFF on input line 6027.
Package hyperref Info: Link nesting OFF on input line 6032.
Package hyperref Info: Hyper index ON on input line 6035.
Package hyperref Info: backreferencing OFF on input line 6042.
Package hyperref Info: Link coloring OFF on input line 6047.
Package hyperref Info: Link coloring with OCG OFF on input line 6052.
Package hyperref Info: PDF/A mode OFF on input line 6057.
LaTeX Info: Redefining \ref on input line 6097.
LaTeX Info: Redefining \pageref on input line 6101.
(/Users/losialagisz/Library/TinyTeX/texmf-dist/tex/latex/base/atbegshi-ltx.sty
Package: atbegshi-ltx 2021/01/10 v1.0c Emulation of the original atbegshi
package with kernel methods
)
\Hy@abspage=\count303
\c@Item=\count304
\c@Hfootnote=\count305
)
Package hyperref Info: Driver (autodetected): hpdftex.
(/Users/losialagisz/Library/TinyTeX/texmf-dist/tex/latex/hyperref/hpdftex.def
File: hpdftex.def 2022-02-21 v7.00n Hyperref driver for pdfTeX
(/Users/losialagisz/Library/TinyTeX/texmf-dist/tex/latex/base/atveryend-ltx.sty
Package: atveryend-ltx 2020/08/19 v1.0a Emulation of the original atveryend package
with kernel methods
)
\Fld@listcount=\count306
\c@bookmark@seq@number=\count307
(/Users/losialagisz/Library/TinyTeX/texmf-dist/tex/latex/rerunfilecheck/rerunfilecheck.sty
Package: rerunfilecheck 2019/12/05 v1.9 Rerun checks for auxiliary files (HO)
(/Users/losialagisz/Library/TinyTeX/texmf-dist/tex/generic/uniquecounter/uniquecounter.sty
Package: uniquecounter 2019/12/15 v1.4 Provide unlimited unique counter (HO)
)
Package uniquecounter Info: New unique counter `rerunfilecheck' on input line 286.
)
\Hy@SectionHShift=\skip65
) (/Users/losialagisz/Library/TinyTeX/texmf-dist/tex/latex/l3backend/l3backend-pdftex.def
File: l3backend-pdftex.def 2022-04-20 L3 backend support: PDF output (pdfTeX)
\l__color_backend_stack_int=\count308
\l__pdf_internal_box=\box72
)
No file SI_methods_analyses.aux.
\openout1 = `SI_methods_analyses.aux'.

LaTeX Font Info:    Checking defaults for OML/cmm/m/it on input line 124.
LaTeX Font Info:    ... okay on input line 124.
LaTeX Font Info:    Checking defaults for OMS/cmsy/m/n on input line 124.
LaTeX Font Info:    ... okay on input line 124.
LaTeX Font Info:    Checking defaults for OT1/cmr/m/n on input line 124.
LaTeX Font Info:    ... okay on input line 124.
LaTeX Font Info:    Checking defaults for T1/cmr/m/n on input line 124.
LaTeX Font Info:    ... okay on input line 124.
LaTeX Font Info:    Checking defaults for TS1/cmr/m/n on input line 124.
LaTeX Font Info:    ... okay on input line 124.
LaTeX Font Info:    Checking defaults for OMX/cmex/m/n on input line 124.
LaTeX Font Info:    ... okay on input line 124.
LaTeX Font Info:    Checking defaults for U/cmr/m/n on input line 124.
LaTeX Font Info:    ... okay on input line 124.
LaTeX Font Info:    Checking defaults for PD1/pdf/m/n on input line 124.
LaTeX Font Info:    ... okay on input line 124.
LaTeX Font Info:    Checking defaults for PU/pdf/m/n on input line 124.
LaTeX Font Info:    ... okay on input line 124.
(/Users/losialagisz/Library/TinyTeX/texmf-dist/tex/latex/epstopdf-pkg/epstopdf-base.sty
Package: epstopdf-base 2020-01-24 v2.11 Base part for package epstopdf
Package epstopdf-base Info: Redefining graphics rule for `.eps' on input line 485.
(/Users/losialagisz/Library/TinyTeX/texmf-dist/tex/latex/latexconfig/epstopdf-sys.cfg
File: epstopdf-sys.cfg 2010/07/13 v1.3 Configuration of (r)epstopdf for TeX Live
))
*geometry* driver: auto-detecting
*geometry* detected driver: pdftex
*geometry* verbose mode - [ preamble ] result:
* driver: pdftex
* paper: <default>
* layout: <same size as paper>
* layoutoffset:(h,v)=(0.0pt,0.0pt)
* modes: 
* h-part:(L,W,R)=(72.26999pt, 469.75502pt, 72.26999pt)
* v-part:(T,H,B)=(72.26999pt, 650.43001pt, 72.26999pt)
* \paperwidth=614.295pt
* \paperheight=794.96999pt
* \textwidth=469.75502pt
* \textheight=650.43001pt
* \oddsidemargin=0.0pt
* \evensidemargin=0.0pt
* \topmargin=-37.0pt
* \headheight=12.0pt
* \headsep=25.0pt
* \topskip=10.0pt
* \footskip=30.0pt
* \marginparwidth=65.0pt
* \marginparsep=11.0pt
* \columnsep=10.0pt
* \skip\footins=9.0pt plus 4.0pt minus 2.0pt
* \hoffset=0.0pt
* \voffset=0.0pt
* \mag=1000
* \@twocolumnfalse
* \@twosidefalse
* \@mparswitchfalse
* \@reversemarginfalse
* (1in=72.27pt=25.4mm, 1cm=28.453pt)

Package hyperref Info: Link coloring OFF on input line 124.
(/Users/losialagisz/Library/TinyTeX/texmf-dist/tex/latex/hyperref/nameref.sty
Package: nameref 2021-04-02 v2.47 Cross-referencing by name of section
(/Users/losialagisz/Library/TinyTeX/texmf-dist/tex/latex/refcount/refcount.sty
Package: refcount 2019/12/15 v3.6 Data extraction from label references (HO)
) (/Users/losialagisz/Library/TinyTeX/texmf-dist/tex/generic/gettitlestring/gettitlestring.sty
Package: gettitlestring 2019/12/15 v1.6 Cleanup title references (HO)
)
\c@section@level=\count309
)
LaTeX Info: Redefining \ref on input line 124.
LaTeX Info: Redefining \pageref on input line 124.
LaTeX Info: Redefining \nameref on input line 124.
\@outlinefile=\write4
\openout4 = `SI_methods_analyses.out'.

LaTeX Font Info:    Trying to load font information for OT1+lmr on input line 126.
(/Users/losialagisz/Library/TinyTeX/texmf-dist/tex/latex/lm/ot1lmr.fd
File: ot1lmr.fd 2015/05/01 v1.6.1 Font defs for Latin Modern
)
LaTeX Font Info:    Trying to load font information for OML+lmm on input line 126.
(/Users/losialagisz/Library/TinyTeX/texmf-dist/tex/latex/lm/omllmm.fd
File: omllmm.fd 2015/05/01 v1.6.1 Font defs for Latin Modern
)
LaTeX Font Info:    Trying to load font information for OMS+lmsy on input line 126.
(/Users/losialagisz/Library/TinyTeX/texmf-dist/tex/latex/lm/omslmsy.fd
File: omslmsy.fd 2015/05/01 v1.6.1 Font defs for Latin Modern
)
LaTeX Font Info:    Trying to load font information for OMX+lmex on input line 126.
(/Users/losialagisz/Library/TinyTeX/texmf-dist/tex/latex/lm/omxlmex.fd
File: omxlmex.fd 2015/05/01 v1.6.1 Font defs for Latin Modern
)
LaTeX Font Info:    External font `lmex10' loaded for size
(Font)              <12> on input line 126.
LaTeX Font Info:    External font `lmex10' loaded for size
(Font)              <8> on input line 126.
LaTeX Font Info:    External font `lmex10' loaded for size
(Font)              <6> on input line 126.
LaTeX Font Info:    Trying to load font information for U+msa on input line 126.
(/Users/losialagisz/Library/TinyTeX/texmf-dist/tex/latex/amsfonts/umsa.fd
File: umsa.fd 2013/01/14 v3.01 AMS symbols A
)
LaTeX Font Info:    Trying to load font information for U+msb on input line 126.
(/Users/losialagisz/Library/TinyTeX/texmf-dist/tex/latex/amsfonts/umsb.fd
File: umsb.fd 2013/01/14 v3.01 AMS symbols B
)
LaTeX Font Info:    External font `lmex10' loaded for size
(Font)              <10> on input line 128.
LaTeX Font Info:    External font `lmex10' loaded for size
(Font)              <7> on input line 128.
LaTeX Font Info:    External font `lmex10' loaded for size
(Font)              <5> on input line 128.
<../BP_awards_workflow_v2.png, id=5, 454.5283pt x 511.34435pt>
File: ../BP_awards_workflow_v2.png Graphic file (type png)
<use ../BP_awards_workflow_v2.png>
Package pdftex.def Info: ../BP_awards_workflow_v2.png  used on input line 136.
(pdftex.def)             Requested size: 454.54799pt x 511.3665pt.

Underfull \hbox (badness 10000) in paragraph at lines 136--138
[]
 []

[1

{/Users/losialagisz/Library/TinyTeX/texmf-var/fonts/map/pdftex/updmap/pdftex.map}] [2 <../BP_awards_workflow_v2.png>] [3] [4]
Underfull \hbox (badness 10000) in paragraph at lines 324--327

 []


Underfull \hbox (badness 10000) in paragraph at lines 327--329

 []


Underfull \hbox (badness 10000) in paragraph at lines 329--332

 []


Underfull \hbox (badness 10000) in paragraph at lines 332--334

 []


Underfull \hbox (badness 10000) in paragraph at lines 334--337

 []

LaTeX Font Info:    Trying to load font information for TS1+lmr on input line 349.
(/Users/losialagisz/Library/TinyTeX/texmf-dist/tex/latex/lm/ts1lmr.fd
File: ts1lmr.fd 2015/05/01 v1.6.1 Font defs for Latin Modern
)
LaTeX Font Info:    Trying to load font information for T1+lmtt on input line 354.
(/Users/losialagisz/Library/TinyTeX/texmf-dist/tex/latex/lm/t1lmtt.fd
File: t1lmtt.fd 2015/05/01 v1.6.1 Font defs for Latin Modern
)
LaTeX Font Info:    Font shape `T1/lmtt/bx/n' in size <10> not available
(Font)              Font shape `T1/lmtt/b/n' tried instead on input line 359.

LaTeX Font Warning: Font shape `T1/lmtt/bx/it' in size <10> not available
(Font)              Font shape `T1/lmtt/b/sl' tried instead on input line 392.

[5] [6] [7] [8] [9] [10] [11] [12] [13] [14] [15] [16] [17] [18] [19] [20]
<SI_methods_analyses_files/figure-latex/unnamed-chunk-8-1.pdf, id=163, 469.755pt x 325.215pt>
File: SI_methods_analyses_files/figure-latex/unnamed-chunk-8-1.pdf Graphic file (type pdf)
<use SI_methods_analyses_files/figure-latex/unnamed-chunk-8-1.pdf>
Package pdftex.def Info: SI_methods_analyses_files/figure-latex/unnamed-chunk-8-1.pdf  used on input line 1575.
(pdftex.def)             Requested size: 469.75386pt x 325.2142pt.
[21 <./SI_methods_analyses_files/figure-latex/unnamed-chunk-8-1.pdf>] [22] [23]
Underfull \vbox (badness 10000) detected at line 1839
 []


Underfull \vbox (badness 10000) detected at line 1839
 []

[24]
Underfull \vbox (badness 10000) detected at line 1839
 []


Underfull \vbox (badness 10000) detected at line 1839
 []

[25]
LaTeX Font Info:    Trying to load font information for TS1+lmtt on input line 1886.
(/Users/losialagisz/Library/TinyTeX/texmf-dist/tex/latex/lm/ts1lmtt.fd
File: ts1lmtt.fd 2015/05/01 v1.6.1 Font defs for Latin Modern
) [26] [27]
<SI_methods_analyses_files/figure-latex/unnamed-chunk-15-1.pdf, id=216, 469.755pt x 325.215pt>
File: SI_methods_analyses_files/figure-latex/unnamed-chunk-15-1.pdf Graphic file (type pdf)
<use SI_methods_analyses_files/figure-latex/unnamed-chunk-15-1.pdf>
Package pdftex.def Info: SI_methods_analyses_files/figure-latex/unnamed-chunk-15-1.pdf  used on input line 1998.
(pdftex.def)             Requested size: 469.75386pt x 325.2142pt.
[28] [29 <./SI_methods_analyses_files/figure-latex/unnamed-chunk-15-1.pdf>]
<SI_methods_analyses_files/figure-latex/unnamed-chunk-17-1.pdf, id=232, 469.755pt x 325.215pt>
File: SI_methods_analyses_files/figure-latex/unnamed-chunk-17-1.pdf Graphic file (type pdf)
<use SI_methods_analyses_files/figure-latex/unnamed-chunk-17-1.pdf>
Package pdftex.def Info: SI_methods_analyses_files/figure-latex/unnamed-chunk-17-1.pdf  used on input line 2043.
(pdftex.def)             Requested size: 469.75386pt x 325.2142pt.
[30 <./SI_methods_analyses_files/figure-latex/unnamed-chunk-17-1.pdf>] [31] [32] [33]
<SI_methods_analyses_files/figure-latex/unnamed-chunk-26-1.pdf, id=264, 469.755pt x 325.215pt>
File: SI_methods_analyses_files/figure-latex/unnamed-chunk-26-1.pdf Graphic file (type pdf)
<use SI_methods_analyses_files/figure-latex/unnamed-chunk-26-1.pdf>
Package pdftex.def Info: SI_methods_analyses_files/figure-latex/unnamed-chunk-26-1.pdf  used on input line 2305.
(pdftex.def)             Requested size: 469.75386pt x 325.2142pt.
[34]
<SI_methods_analyses_files/figure-latex/unnamed-chunk-27-1.pdf, id=271, 469.755pt x 325.215pt>
File: SI_methods_analyses_files/figure-latex/unnamed-chunk-27-1.pdf Graphic file (type pdf)
<use SI_methods_analyses_files/figure-latex/unnamed-chunk-27-1.pdf>
Package pdftex.def Info: SI_methods_analyses_files/figure-latex/unnamed-chunk-27-1.pdf  used on input line 2329.
(pdftex.def)             Requested size: 469.75386pt x 325.2142pt.
[35 <./SI_methods_analyses_files/figure-latex/unnamed-chunk-26-1.pdf>]
<SI_methods_analyses_files/figure-latex/unnamed-chunk-28-1.pdf, id=281, 469.755pt x 325.215pt>
File: SI_methods_analyses_files/figure-latex/unnamed-chunk-28-1.pdf Graphic file (type pdf)
<use SI_methods_analyses_files/figure-latex/unnamed-chunk-28-1.pdf>
Package pdftex.def Info: SI_methods_analyses_files/figure-latex/unnamed-chunk-28-1.pdf  used on input line 2351.
(pdftex.def)             Requested size: 469.75386pt x 325.2142pt.
[36 <./SI_methods_analyses_files/figure-latex/unnamed-chunk-27-1.pdf>]
<SI_methods_analyses_files/figure-latex/unnamed-chunk-29-1.pdf, id=291, 469.755pt x 325.215pt>
File: SI_methods_analyses_files/figure-latex/unnamed-chunk-29-1.pdf Graphic file (type pdf)
<use SI_methods_analyses_files/figure-latex/unnamed-chunk-29-1.pdf>
Package pdftex.def Info: SI_methods_analyses_files/figure-latex/unnamed-chunk-29-1.pdf  used on input line 2373.
(pdftex.def)             Requested size: 469.75386pt x 325.2142pt.
[37 <./SI_methods_analyses_files/figure-latex/unnamed-chunk-28-1.pdf>]
<SI_methods_analyses_files/figure-latex/unnamed-chunk-30-1.pdf, id=302, 469.755pt x 325.215pt>
File: SI_methods_analyses_files/figure-latex/unnamed-chunk-30-1.pdf Graphic file (type pdf)
<use SI_methods_analyses_files/figure-latex/unnamed-chunk-30-1.pdf>
Package pdftex.def Info: SI_methods_analyses_files/figure-latex/unnamed-chunk-30-1.pdf  used on input line 2395.
(pdftex.def)             Requested size: 469.75386pt x 325.2142pt.
[38 <./SI_methods_analyses_files/figure-latex/unnamed-chunk-29-1.pdf>]
<SI_methods_analyses_files/figure-latex/unnamed-chunk-31-1.pdf, id=312, 469.755pt x 325.215pt>
File: SI_methods_analyses_files/figure-latex/unnamed-chunk-31-1.pdf Graphic file (type pdf)
<use SI_methods_analyses_files/figure-latex/unnamed-chunk-31-1.pdf>
Package pdftex.def Info: SI_methods_analyses_files/figure-latex/unnamed-chunk-31-1.pdf  used on input line 2417.
(pdftex.def)             Requested size: 469.75386pt x 325.2142pt.
[39 <./SI_methods_analyses_files/figure-latex/unnamed-chunk-30-1.pdf>]
<SI_methods_analyses_files/figure-latex/unnamed-chunk-32-1.pdf, id=322, 469.755pt x 325.215pt>
File: SI_methods_analyses_files/figure-latex/unnamed-chunk-32-1.pdf Graphic file (type pdf)
<use SI_methods_analyses_files/figure-latex/unnamed-chunk-32-1.pdf>
Package pdftex.def Info: SI_methods_analyses_files/figure-latex/unnamed-chunk-32-1.pdf  used on input line 2439.
(pdftex.def)             Requested size: 469.75386pt x 325.2142pt.
[40 <./SI_methods_analyses_files/figure-latex/unnamed-chunk-31-1.pdf>]
<SI_methods_analyses_files/figure-latex/unnamed-chunk-33-1.pdf, id=332, 469.755pt x 325.215pt>
File: SI_methods_analyses_files/figure-latex/unnamed-chunk-33-1.pdf Graphic file (type pdf)
<use SI_methods_analyses_files/figure-latex/unnamed-chunk-33-1.pdf>
Package pdftex.def Info: SI_methods_analyses_files/figure-latex/unnamed-chunk-33-1.pdf  used on input line 2461.
(pdftex.def)             Requested size: 469.75386pt x 325.2142pt.
[41 <./SI_methods_analyses_files/figure-latex/unnamed-chunk-32-1.pdf>]
<SI_methods_analyses_files/figure-latex/unnamed-chunk-34-1.pdf, id=342, 469.755pt x 325.215pt>
File: SI_methods_analyses_files/figure-latex/unnamed-chunk-34-1.pdf Graphic file (type pdf)
<use SI_methods_analyses_files/figure-latex/unnamed-chunk-34-1.pdf>
Package pdftex.def Info: SI_methods_analyses_files/figure-latex/unnamed-chunk-34-1.pdf  used on input line 2483.
(pdftex.def)             Requested size: 469.75386pt x 325.2142pt.
[42 <./SI_methods_analyses_files/figure-latex/unnamed-chunk-33-1.pdf>]
<SI_methods_analyses_files/figure-latex/unnamed-chunk-35-1.pdf, id=352, 469.755pt x 325.215pt>
File: SI_methods_analyses_files/figure-latex/unnamed-chunk-35-1.pdf Graphic file (type pdf)
<use SI_methods_analyses_files/figure-latex/unnamed-chunk-35-1.pdf>
Package pdftex.def Info: SI_methods_analyses_files/figure-latex/unnamed-chunk-35-1.pdf  used on input line 2505.
(pdftex.def)             Requested size: 469.75386pt x 325.2142pt.
[43 <./SI_methods_analyses_files/figure-latex/unnamed-chunk-34-1.pdf>]
<SI_methods_analyses_files/figure-latex/unnamed-chunk-36-1.pdf, id=363, 469.755pt x 325.215pt>
File: SI_methods_analyses_files/figure-latex/unnamed-chunk-36-1.pdf Graphic file (type pdf)
<use SI_methods_analyses_files/figure-latex/unnamed-chunk-36-1.pdf>
Package pdftex.def Info: SI_methods_analyses_files/figure-latex/unnamed-chunk-36-1.pdf  used on input line 2527.
(pdftex.def)             Requested size: 469.75386pt x 325.2142pt.
[44 <./SI_methods_analyses_files/figure-latex/unnamed-chunk-35-1.pdf>]
<SI_methods_analyses_files/figure-latex/unnamed-chunk-37-1.pdf, id=373, 469.755pt x 325.215pt>
File: SI_methods_analyses_files/figure-latex/unnamed-chunk-37-1.pdf Graphic file (type pdf)
<use SI_methods_analyses_files/figure-latex/unnamed-chunk-37-1.pdf>
Package pdftex.def Info: SI_methods_analyses_files/figure-latex/unnamed-chunk-37-1.pdf  used on input line 2549.
(pdftex.def)             Requested size: 469.75386pt x 325.2142pt.
[45 <./SI_methods_analyses_files/figure-latex/unnamed-chunk-36-1.pdf>]
<SI_methods_analyses_files/figure-latex/unnamed-chunk-38-1.pdf, id=383, 469.755pt x 325.215pt>
File: SI_methods_analyses_files/figure-latex/unnamed-chunk-38-1.pdf Graphic file (type pdf)
<use SI_methods_analyses_files/figure-latex/unnamed-chunk-38-1.pdf>
Package pdftex.def Info: SI_methods_analyses_files/figure-latex/unnamed-chunk-38-1.pdf  used on input line 2571.
(pdftex.def)             Requested size: 469.75386pt x 325.2142pt.
[46 <./SI_methods_analyses_files/figure-latex/unnamed-chunk-37-1.pdf>] [47 <./SI_methods_analyses_files/figure-latex/unnamed-chunk-38-1.pdf>] [48] [49] [50] [51] [52] [53] [54]
<SI_methods_analyses_files/figure-latex/unnamed-chunk-55-1.pdf, id=441, 469.755pt x 325.215pt>
File: SI_methods_analyses_files/figure-latex/unnamed-chunk-55-1.pdf Graphic file (type pdf)
<use SI_methods_analyses_files/figure-latex/unnamed-chunk-55-1.pdf>
Package pdftex.def Info: SI_methods_analyses_files/figure-latex/unnamed-chunk-55-1.pdf  used on input line 3168.
(pdftex.def)             Requested size: 469.75386pt x 325.2142pt.
[55 <./SI_methods_analyses_files/figure-latex/unnamed-chunk-55-1.pdf>]
<SI_methods_analyses_files/figure-latex/unnamed-chunk-56-1.pdf, id=452, 469.755pt x 325.215pt>
File: SI_methods_analyses_files/figure-latex/unnamed-chunk-56-1.pdf Graphic file (type pdf)
<use SI_methods_analyses_files/figure-latex/unnamed-chunk-56-1.pdf>
Package pdftex.def Info: SI_methods_analyses_files/figure-latex/unnamed-chunk-56-1.pdf  used on input line 3189.
(pdftex.def)             Requested size: 469.75386pt x 325.2142pt.
[56 <./SI_methods_analyses_files/figure-latex/unnamed-chunk-56-1.pdf>]
<SI_methods_analyses_files/figure-latex/unnamed-chunk-57-1.pdf, id=462, 469.755pt x 325.215pt>
File: SI_methods_analyses_files/figure-latex/unnamed-chunk-57-1.pdf Graphic file (type pdf)
<use SI_methods_analyses_files/figure-latex/unnamed-chunk-57-1.pdf>
Package pdftex.def Info: SI_methods_analyses_files/figure-latex/unnamed-chunk-57-1.pdf  used on input line 3241.
(pdftex.def)             Requested size: 469.75386pt x 325.2142pt.
[57]
<SI_methods_analyses_files/figure-latex/unnamed-chunk-58-1.pdf, id=467, 469.755pt x 325.215pt>
File: SI_methods_analyses_files/figure-latex/unnamed-chunk-58-1.pdf Graphic file (type pdf)
<use SI_methods_analyses_files/figure-latex/unnamed-chunk-58-1.pdf>
Package pdftex.def Info: SI_methods_analyses_files/figure-latex/unnamed-chunk-58-1.pdf  used on input line 3263.
(pdftex.def)             Requested size: 469.75386pt x 325.2142pt.
[58 <./SI_methods_analyses_files/figure-latex/unnamed-chunk-57-1.pdf>] [59 <./SI_methods_analyses_files/figure-latex/unnamed-chunk-58-1.pdf>] [60] [61]
<SI_methods_analyses_files/figure-latex/unnamed-chunk-60-1.pdf, id=497, 469.755pt x 325.215pt>
File: SI_methods_analyses_files/figure-latex/unnamed-chunk-60-1.pdf Graphic file (type pdf)
<use SI_methods_analyses_files/figure-latex/unnamed-chunk-60-1.pdf>
Package pdftex.def Info: SI_methods_analyses_files/figure-latex/unnamed-chunk-60-1.pdf  used on input line 3461.
(pdftex.def)             Requested size: 469.75386pt x 325.2142pt.
[62 <./SI_methods_analyses_files/figure-latex/unnamed-chunk-60-1.pdf>]
<SI_methods_analyses_files/figure-latex/unnamed-chunk-60-2.pdf, id=507, 469.755pt x 325.215pt>
File: SI_methods_analyses_files/figure-latex/unnamed-chunk-60-2.pdf Graphic file (type pdf)
<use SI_methods_analyses_files/figure-latex/unnamed-chunk-60-2.pdf>
Package pdftex.def Info: SI_methods_analyses_files/figure-latex/unnamed-chunk-60-2.pdf  used on input line 3480.
(pdftex.def)             Requested size: 469.75386pt x 325.2142pt.
<SI_methods_analyses_files/figure-latex/unnamed-chunk-61-1.pdf, id=508, 469.755pt x 325.215pt>
File: SI_methods_analyses_files/figure-latex/unnamed-chunk-61-1.pdf Graphic file (type pdf)
<use SI_methods_analyses_files/figure-latex/unnamed-chunk-61-1.pdf>
Package pdftex.def Info: SI_methods_analyses_files/figure-latex/unnamed-chunk-61-1.pdf  used on input line 3501.
(pdftex.def)             Requested size: 469.75386pt x 325.2142pt.
[63 <./SI_methods_analyses_files/figure-latex/unnamed-chunk-60-2.pdf>] [64 <./SI_methods_analyses_files/figure-latex/unnamed-chunk-61-1.pdf>]
<SI_methods_analyses_files/figure-latex/unnamed-chunk-63-1.pdf, id=527, 469.755pt x 325.215pt>
File: SI_methods_analyses_files/figure-latex/unnamed-chunk-63-1.pdf Graphic file (type pdf)
<use SI_methods_analyses_files/figure-latex/unnamed-chunk-63-1.pdf>
Package pdftex.def Info: SI_methods_analyses_files/figure-latex/unnamed-chunk-63-1.pdf  used on input line 3562.
(pdftex.def)             Requested size: 469.75386pt x 325.2142pt.
[65 <./SI_methods_analyses_files/figure-latex/unnamed-chunk-63-1.pdf>] [66]
<SI_methods_analyses_files/figure-latex/unnamed-chunk-65-1.pdf, id=543, 469.755pt x 325.215pt>
File: SI_methods_analyses_files/figure-latex/unnamed-chunk-65-1.pdf Graphic file (type pdf)
<use SI_methods_analyses_files/figure-latex/unnamed-chunk-65-1.pdf>
Package pdftex.def Info: SI_methods_analyses_files/figure-latex/unnamed-chunk-65-1.pdf  used on input line 3697.
(pdftex.def)             Requested size: 469.75386pt x 325.2142pt.
[67]
Overfull \vbox (0.75092pt too high) detected at line 3733
 []

[68 <./SI_methods_analyses_files/figure-latex/unnamed-chunk-65-1.pdf>] [69]
<SI_methods_analyses_files/figure-latex/unnamed-chunk-66-1.pdf, id=565, 469.755pt x 325.215pt>
File: SI_methods_analyses_files/figure-latex/unnamed-chunk-66-1.pdf Graphic file (type pdf)
<use SI_methods_analyses_files/figure-latex/unnamed-chunk-66-1.pdf>
Package pdftex.def Info: SI_methods_analyses_files/figure-latex/unnamed-chunk-66-1.pdf  used on input line 3818.
(pdftex.def)             Requested size: 469.75386pt x 325.2142pt.
[70 <./SI_methods_analyses_files/figure-latex/unnamed-chunk-66-1.pdf>]
<SI_methods_analyses_files/figure-latex/unnamed-chunk-67-1.pdf, id=577, 469.755pt x 325.215pt>
File: SI_methods_analyses_files/figure-latex/unnamed-chunk-67-1.pdf Graphic file (type pdf)
<use SI_methods_analyses_files/figure-latex/unnamed-chunk-67-1.pdf>
Package pdftex.def Info: SI_methods_analyses_files/figure-latex/unnamed-chunk-67-1.pdf  used on input line 3866.
(pdftex.def)             Requested size: 469.75386pt x 325.2142pt.

Underfull \hbox (badness 10000) in paragraph at lines 3866--3868
[][]
 []

[71] [72 <./SI_methods_analyses_files/figure-latex/unnamed-chunk-67-1.pdf>]
<SI_methods_analyses_files/figure-latex/unnamed-chunk-69-1.pdf, id=593, 469.755pt x 325.215pt>
File: SI_methods_analyses_files/figure-latex/unnamed-chunk-69-1.pdf Graphic file (type pdf)
<use SI_methods_analyses_files/figure-latex/unnamed-chunk-69-1.pdf>
Package pdftex.def Info: SI_methods_analyses_files/figure-latex/unnamed-chunk-69-1.pdf  used on input line 3916.
(pdftex.def)             Requested size: 469.75386pt x 325.2142pt.

Overfull \vbox (0.11763pt too high) detected at line 3947
 []

[73 <./SI_methods_analyses_files/figure-latex/unnamed-chunk-69-1.pdf>]
<SI_methods_analyses_files/figure-latex/unnamed-chunk-70-1.pdf, id=604, 469.755pt x 325.215pt>
File: SI_methods_analyses_files/figure-latex/unnamed-chunk-70-1.pdf Graphic file (type pdf)
<use SI_methods_analyses_files/figure-latex/unnamed-chunk-70-1.pdf>
Package pdftex.def Info: SI_methods_analyses_files/figure-latex/unnamed-chunk-70-1.pdf  used on input line 3949.
(pdftex.def)             Requested size: 469.75386pt x 325.2142pt.
[74 <./SI_methods_analyses_files/figure-latex/unnamed-chunk-70-1.pdf>] [75]
<SI_methods_analyses_files/figure-latex/unnamed-chunk-74-1.pdf, id=626, 469.755pt x 325.215pt>
File: SI_methods_analyses_files/figure-latex/unnamed-chunk-74-1.pdf Graphic file (type pdf)
<use SI_methods_analyses_files/figure-latex/unnamed-chunk-74-1.pdf>
Package pdftex.def Info: SI_methods_analyses_files/figure-latex/unnamed-chunk-74-1.pdf  used on input line 4069.
(pdftex.def)             Requested size: 469.75386pt x 325.2142pt.
[76 <./SI_methods_analyses_files/figure-latex/unnamed-chunk-74-1.pdf>]
<SI_methods_analyses_files/figure-latex/unnamed-chunk-75-1.pdf, id=636, 469.755pt x 325.215pt>
File: SI_methods_analyses_files/figure-latex/unnamed-chunk-75-1.pdf Graphic file (type pdf)
<use SI_methods_analyses_files/figure-latex/unnamed-chunk-75-1.pdf>
Package pdftex.def Info: SI_methods_analyses_files/figure-latex/unnamed-chunk-75-1.pdf  used on input line 4088.
(pdftex.def)             Requested size: 469.75386pt x 325.2142pt.
[77 <./SI_methods_analyses_files/figure-latex/unnamed-chunk-75-1.pdf>] [78] [79] [80] [81] [82]
<SI_methods_analyses_files/figure-latex/unnamed-chunk-81-1.pdf, id=675, 469.755pt x 325.215pt>
File: SI_methods_analyses_files/figure-latex/unnamed-chunk-81-1.pdf Graphic file (type pdf)
<use SI_methods_analyses_files/figure-latex/unnamed-chunk-81-1.pdf>
Package pdftex.def Info: SI_methods_analyses_files/figure-latex/unnamed-chunk-81-1.pdf  used on input line 4495.
(pdftex.def)             Requested size: 469.75386pt x 325.2142pt.
[83] [84 <./SI_methods_analyses_files/figure-latex/unnamed-chunk-81-1.pdf>]
<SI_methods_analyses_files/figure-latex/unnamed-chunk-81-2.pdf, id=697, 469.755pt x 325.215pt>
File: SI_methods_analyses_files/figure-latex/unnamed-chunk-81-2.pdf Graphic file (type pdf)
<use SI_methods_analyses_files/figure-latex/unnamed-chunk-81-2.pdf>
Package pdftex.def Info: SI_methods_analyses_files/figure-latex/unnamed-chunk-81-2.pdf  used on input line 4577.
(pdftex.def)             Requested size: 469.75386pt x 325.2142pt.
[85] [86 <./SI_methods_analyses_files/figure-latex/unnamed-chunk-81-2.pdf>]
<SI_methods_analyses_files/figure-latex/unnamed-chunk-81-3.pdf, id=717, 469.755pt x 325.215pt>
File: SI_methods_analyses_files/figure-latex/unnamed-chunk-81-3.pdf Graphic file (type pdf)
<use SI_methods_analyses_files/figure-latex/unnamed-chunk-81-3.pdf>
Package pdftex.def Info: SI_methods_analyses_files/figure-latex/unnamed-chunk-81-3.pdf  used on input line 4653.
(pdftex.def)             Requested size: 469.75386pt x 325.2142pt.
[87] [88 <./SI_methods_analyses_files/figure-latex/unnamed-chunk-81-3.pdf>]
<SI_methods_analyses_files/figure-latex/unnamed-chunk-81-4.pdf, id=736, 469.755pt x 325.215pt>
File: SI_methods_analyses_files/figure-latex/unnamed-chunk-81-4.pdf Graphic file (type pdf)
<use SI_methods_analyses_files/figure-latex/unnamed-chunk-81-4.pdf>
Package pdftex.def Info: SI_methods_analyses_files/figure-latex/unnamed-chunk-81-4.pdf  used on input line 4732.
(pdftex.def)             Requested size: 469.75386pt x 325.2142pt.
[89] [90 <./SI_methods_analyses_files/figure-latex/unnamed-chunk-81-4.pdf>]
<SI_methods_analyses_files/figure-latex/unnamed-chunk-81-5.pdf, id=755, 469.755pt x 325.215pt>
File: SI_methods_analyses_files/figure-latex/unnamed-chunk-81-5.pdf Graphic file (type pdf)
<use SI_methods_analyses_files/figure-latex/unnamed-chunk-81-5.pdf>
Package pdftex.def Info: SI_methods_analyses_files/figure-latex/unnamed-chunk-81-5.pdf  used on input line 4813.
(pdftex.def)             Requested size: 469.75386pt x 325.2142pt.
[91] [92 <./SI_methods_analyses_files/figure-latex/unnamed-chunk-81-5.pdf>]
<SI_methods_analyses_files/figure-latex/unnamed-chunk-81-6.pdf, id=775, 469.755pt x 325.215pt>
File: SI_methods_analyses_files/figure-latex/unnamed-chunk-81-6.pdf Graphic file (type pdf)
<use SI_methods_analyses_files/figure-latex/unnamed-chunk-81-6.pdf>
Package pdftex.def Info: SI_methods_analyses_files/figure-latex/unnamed-chunk-81-6.pdf  used on input line 4894.
(pdftex.def)             Requested size: 469.75386pt x 325.2142pt.
[93] [94 <./SI_methods_analyses_files/figure-latex/unnamed-chunk-81-6.pdf>]
<SI_methods_analyses_files/figure-latex/unnamed-chunk-81-7.pdf, id=794, 469.755pt x 325.215pt>
File: SI_methods_analyses_files/figure-latex/unnamed-chunk-81-7.pdf Graphic file (type pdf)
<use SI_methods_analyses_files/figure-latex/unnamed-chunk-81-7.pdf>
Package pdftex.def Info: SI_methods_analyses_files/figure-latex/unnamed-chunk-81-7.pdf  used on input line 4976.
(pdftex.def)             Requested size: 469.75386pt x 325.2142pt.
[95] [96 <./SI_methods_analyses_files/figure-latex/unnamed-chunk-81-7.pdf>]
<SI_methods_analyses_files/figure-latex/unnamed-chunk-81-8.pdf, id=814, 469.755pt x 325.215pt>
File: SI_methods_analyses_files/figure-latex/unnamed-chunk-81-8.pdf Graphic file (type pdf)
<use SI_methods_analyses_files/figure-latex/unnamed-chunk-81-8.pdf>
Package pdftex.def Info: SI_methods_analyses_files/figure-latex/unnamed-chunk-81-8.pdf  used on input line 5051.
(pdftex.def)             Requested size: 469.75386pt x 325.2142pt.
[97] [98 <./SI_methods_analyses_files/figure-latex/unnamed-chunk-81-8.pdf>]
<SI_methods_analyses_files/figure-latex/unnamed-chunk-81-9.pdf, id=834, 469.755pt x 325.215pt>
File: SI_methods_analyses_files/figure-latex/unnamed-chunk-81-9.pdf Graphic file (type pdf)
<use SI_methods_analyses_files/figure-latex/unnamed-chunk-81-9.pdf>
Package pdftex.def Info: SI_methods_analyses_files/figure-latex/unnamed-chunk-81-9.pdf  used on input line 5125.
(pdftex.def)             Requested size: 469.75386pt x 325.2142pt.
[99] [100 <./SI_methods_analyses_files/figure-latex/unnamed-chunk-81-9.pdf>]
<SI_methods_analyses_files/figure-latex/unnamed-chunk-81-10.pdf, id=853, 469.755pt x 325.215pt>
File: SI_methods_analyses_files/figure-latex/unnamed-chunk-81-10.pdf Graphic file (type pdf)
<use SI_methods_analyses_files/figure-latex/unnamed-chunk-81-10.pdf>
Package pdftex.def Info: SI_methods_analyses_files/figure-latex/unnamed-chunk-81-10.pdf  used on input line 5207.
(pdftex.def)             Requested size: 469.75386pt x 325.2142pt.
[101] [102 <./SI_methods_analyses_files/figure-latex/unnamed-chunk-81-10.pdf>]
<SI_methods_analyses_files/figure-latex/unnamed-chunk-81-11.pdf, id=872, 469.755pt x 325.215pt>
File: SI_methods_analyses_files/figure-latex/unnamed-chunk-81-11.pdf Graphic file (type pdf)
<use SI_methods_analyses_files/figure-latex/unnamed-chunk-81-11.pdf>
Package pdftex.def Info: SI_methods_analyses_files/figure-latex/unnamed-chunk-81-11.pdf  used on input line 5282.
(pdftex.def)             Requested size: 469.75386pt x 325.2142pt.
[103] [104 <./SI_methods_analyses_files/figure-latex/unnamed-chunk-81-11.pdf>]
Overfull \hbox (10.93892pt too wide) in paragraph at lines 5324--5332
\T1/lmr/m/n/10 ## try lo-gis-tic re-gres-sions against Awardee_list_earliest_year for the fol-low-ing vari-ables: #Award_individual,
 []


Underfull \hbox (badness 1210) in paragraph at lines 5324--5332
\T1/lmr/m/n/10 Flex-i-ble_eligibility, In-clu-siv-ity_statement, As-ses-sors_transparency, Award_integrity_mentioned, Pro-
 []


! LaTeX Error: Unicode character σ (U+03C3)
               not set up for use with LaTeX.

See the LaTeX manual or LaTeX Companion for explanation.
Type  H <return>  for immediate help.
 ...                                              
                                                  
l.5391 σ
         2 
Here is how much of TeX's memory you used:
 13236 strings out of 480193
 223295 string characters out of 5892299
 516876 words of memory out of 5000000
 30725 multiletter control sequences out of 15000+600000
 521166 words of font info for 75 fonts, out of 8000000 for 9000
 14 hyphenation exceptions out of 8191
 60i,7n,63p,809b,468s stack positions out of 10000i,1000n,20000p,200000b,200000s

!  ==> Fatal error occurred, no output PDF file produced!
